<?xml version="1.0" encoding="UTF-8"?>
<!-- Generated by org.testng.reporters.JUnitXMLReporter -->
<testsuite ignored="0" hostname="Personal" failures="2" tests="4" name="TestChrome" time="11.102" errors="0" timestamp="25 Oct 2018 19:02:11 GMT">
  <testcase classname="parallel.testcases.TestFunctionalityB" name="testB_One" time="1.868"/>
  <testcase classname="parallel.testcases.TestFunctionalityB" name="testB_four" time="0.453"/>
  <testcase classname="parallel.testcases.TestFunctionalityB" name="testB_three" time="0.429">
    <failure type="java.lang.AssertionError" message="expected [true] but found [false]">
      <![CDATA[java.lang.AssertionError: expected [true] but found [false]
at parallel.testcases.TestFunctionalityB.testB_three(TestFunctionalityB.java:33)
... Removed 29 stack frames]]>
    </failure>
  </testcase> <!-- testB_three -->
  <testcase classname="parallel.testcases.TestFunctionalityB" name="testB_two" time="0.451">
    <failure type="java.lang.AssertionError" message="expected [true] but found [false]">
      <![CDATA[java.lang.AssertionError: expected [true] but found [false]
at parallel.testcases.TestFunctionalityB.testB_two(TestFunctionalityB.java:24)
... Removed 29 stack frames]]>
    </failure>
  </testcase> <!-- testB_two -->
</testsuite> <!-- TestChrome -->
