<?xml version="1.0" encoding="UTF-8"?>
<!-- Generated by org.testng.reporters.JUnitXMLReporter -->
<testsuite ignored="2" hostname="Personal" failures="2" tests="8" name="TestFirefox" time="26.184" errors="0" timestamp="31 Dec 2018 08:55:12 GMT">
  <testcase classname="parallel.testcases.TestFunctionalityA" name="testA_One" time="4.987"/>
  <testcase classname="parallel.testcases.TestFunctionalityA" name="testA_four" time="3.058"/>
  <testcase classname="parallel.testcases.TestFunctionalityA" name="testA_three" time="2.745"/>
  <testcase classname="parallel.testcases.TestFunctionalityA" name="testA_two" time="1.527"/>
  <testcase classname="parallel.testcases.TestFunctionalityB" name="testB_One" time="1.9"/>
  <testcase classname="parallel.testcases.TestFunctionalityB" name="testB_four" time="0.299"/>
  <testcase classname="parallel.testcases.TestFunctionalityB" name="testB_three" time="0.209">
    <failure type="java.lang.AssertionError" message="expected [true] but found [false]">
      <![CDATA[java.lang.AssertionError: expected [true] but found [false]
at parallel.testcases.TestFunctionalityB.testB_three(TestFunctionalityB.java:33)
... Removed 29 stack frames]]>
    </failure>
  </testcase> <!-- testB_three -->
  <testcase classname="parallel.testcases.TestFunctionalityB" name="testB_two" time="1.211">
    <failure type="java.lang.AssertionError" message="expected [true] but found [false]">
      <![CDATA[java.lang.AssertionError: expected [true] but found [false]
at parallel.testcases.TestFunctionalityB.testB_two(TestFunctionalityB.java:24)
... Removed 29 stack frames]]>
    </failure>
  </testcase> <!-- testB_two -->
  <testcase classname="utility.CommonTest" name="@AfterTest afterTest" time="0.0">
    <ignored/>
  </testcase> <!-- @AfterTest afterTest -->
  <testcase classname="utility.CommonTest" name="@BeforeTest setupTest" time="0.0">
    <ignored/>
  </testcase> <!-- @BeforeTest setupTest -->
</testsuite> <!-- TestFirefox -->
